<?xml version="1.0" encoding="UTF-8"?>
<testsuite name="com.github.AppTest" tests="1" skipped="0" failures="0" errors="0" timestamp="2018-12-03T01:48:23" hostname="host1" time="0.001">
  <properties/>
  <testcase name="shouldAnswerWithTrue" classname="com.github.AppTest" time="0.001"/>
  <system-out><![CDATA[]]></system-out>
  <system-err><![CDATA[]]></system-err>
</testsuite>
